<?xml version="1.0" encoding="UTF-8"?>
<testsuite name="CustomerTest" tests="28" skipped="0" failures="0" errors="0" timestamp="2020-11-27T10:46:19" hostname="LAPTOP-IT3VK2ST" time="0.033">
  <properties/>
  <testcase name="testAllSetters" classname="CustomerTest" time="0.001"/>
  <testcase name="testCheckMailsWithValidDomain" classname="CustomerTest" time="0.001"/>
  <testcase name="testCheckMailWithTooShortLength" classname="CustomerTest" time="0.0"/>
  <testcase name="testCreateInvalidCustomer" classname="CustomerTest" time="0.0"/>
  <testcase name="testCheckMailWithArrobas" classname="CustomerTest" time="0.0"/>
  <testcase name="testCreateValidCustomer" classname="CustomerTest" time="0.0"/>
  <testcase name="testCheckMailWithTooLongLength" classname="CustomerTest" time="0.001"/>
  <testcase name="testFindCustomerWithInvalidValues" classname="CustomerTest" time="0.007"/>
  <testcase name="testCreateInvalidCustomerErrorMessages" classname="CustomerTest" time="0.0"/>
  <testcase name="testCreateCustomer" classname="CustomerTest" time="0.006"/>
  <testcase name="testDeleteUnknownCustomer" classname="CustomerTest" time="0.001"/>
  <testcase name="testAllGetters" classname="CustomerTest" time="0.0"/>
  <testcase name="testCheckMailWithValidLength" classname="CustomerTest" time="0.0"/>
  <testcase name="testCheckMailWithoutArrobas" classname="CustomerTest" time="0.0"/>
  <testcase name="testAllSetters" classname="CustomerTest" time="0.0"/>
  <testcase name="testCheckMailsWithValidDomain" classname="CustomerTest" time="0.001"/>
  <testcase name="testCheckMailWithTooShortLength" classname="CustomerTest" time="0.001"/>
  <testcase name="testCreateInvalidCustomer" classname="CustomerTest" time="0.0"/>
  <testcase name="testCheckMailWithArrobas" classname="CustomerTest" time="0.001"/>
  <testcase name="testCreateValidCustomer" classname="CustomerTest" time="0.0"/>
  <testcase name="testCheckMailWithTooLongLength" classname="CustomerTest" time="0.001"/>
  <testcase name="testFindCustomerWithInvalidValues" classname="CustomerTest" time="0.0"/>
  <testcase name="testCreateInvalidCustomerErrorMessages" classname="CustomerTest" time="0.001"/>
  <testcase name="testCreateCustomer" classname="CustomerTest" time="0.0"/>
  <testcase name="testDeleteUnknownCustomer" classname="CustomerTest" time="0.0"/>
  <testcase name="testAllGetters" classname="CustomerTest" time="0.0"/>
  <testcase name="testCheckMailWithValidLength" classname="CustomerTest" time="0.0"/>
  <testcase name="testCheckMailWithoutArrobas" classname="CustomerTest" time="0.0"/>
  <system-out><![CDATA[]]></system-out>
  <system-err><![CDATA[]]></system-err>
</testsuite>
